# JRE version: OpenJDK Runtime Environment (7.0_95) (build 1.7.0_95-b00)
# Java VM: OpenJDK 64-Bit Server VM (24.95-b01 mixed mode linux-amd64 compressed oops)
Heap
 PSYoungGen      total 127488K, used 17577K [0x00000000f8000000, 0x0000000100000000, 0x0000000100000000)
  eden space 123904K, 14% used [0x00000000f8000000,0x00000000f9102528,0x00000000ff900000)
  from space 3584K, 4% used [0x00000000ffc80000,0x00000000ffca8000,0x0000000100000000)
  to   space 3584K, 0% used [0x00000000ff900000,0x00000000ff900000,0x00000000ffc80000)
 ParOldGen       total 59392K, used 54297K [0x00000000e8000000, 0x00000000eba00000, 0x00000000f8000000)
  object space 59392K, 91% used [0x00000000e8000000,0x00000000eb506648,0x00000000eba00000)
 PSPermGen       total 110592K, used 74546K [0x00000000d8000000, 0x00000000dec00000, 0x00000000e8000000)
  object space 110592K, 67% used [0x00000000d8000000,0x00000000dc8ccb48,0x00000000dec00000)
GC Heap History (10 events):
Event: 1003.926 GC heap before
{Heap before GC invocations=72 (full 11):
 PSYoungGen      total 125440K, used 120656K [0x00000000f8000000, 0x00000000fff80000, 0x0000000100000000)
  eden space 120320K, 100% used [0x00000000f8000000,0x00000000ff580000,0x00000000ff580000)
  from space 5120K, 6% used [0x00000000ffa80000,0x00000000ffad4080,0x00000000fff80000)
  to   space 5120K, 0% used [0x00000000ff580000,0x00000000ff580000,0x00000000ffa80000)
 ParOldGen       total 59392K, used 54006K [0x00000000e8000000, 0x00000000eba00000, 0x00000000f8000000)
  object space 59392K, 90% used [0x00000000e8000000,0x00000000eb4bd990,0x00000000eba00000)
 PSPermGen       total 110592K, used 74531K [0x00000000d8000000, 0x00000000dec00000, 0x00000000e8000000)
  object space 110592K, 67% used [0x00000000d8000000,0x00000000dc8c8f48,0x00000000dec00000)
Event: 1003.930 GC heap after
Heap after GC invocations=72 (full 11):
 PSYoungGen      total 125440K, used 32K [0x00000000f8000000, 0x00000000fff00000, 0x0000000100000000)
  eden space 120320K, 0% used [0x00000000f8000000,0x00000000f8000000,0x00000000ff580000)
  from space 5120K, 0% used [0x00000000ff580000,0x00000000ff588000,0x00000000ffa80000)
  to   space 4608K, 0% used [0x00000000ffa80000,0x00000000ffa80000,0x00000000fff00000)
 ParOldGen       total 59392K, used 54254K [0x00000000e8000000, 0x00000000eba00000, 0x00000000f8000000)
  object space 59392K, 91% used [0x00000000e8000000,0x00000000eb4fba30,0x00000000eba00000)
 PSPermGen       total 110592K, used 74531K [0x00000000d8000000, 0x00000000dec00000, 0x00000000e8000000)
  object space 110592K, 67% used [0x00000000d8000000,0x00000000dc8c8f48,0x00000000dec00000)
}
Event: 1004.049 GC heap before
{Heap before GC invocations=73 (full 11):
 PSYoungGen      total 125440K, used 120352K [0x00000000f8000000, 0x00000000fff00000, 0x0000000100000000)
  eden space 120320K, 100% used [0x00000000f8000000,0x00000000ff580000,0x00000000ff580000)
  from space 5120K, 0% used [0x00000000ff580000,0x00000000ff588000,0x00000000ffa80000)
  to   space 4608K, 0% used [0x00000000ffa80000,0x00000000ffa80000,0x00000000fff00000)
 ParOldGen       total 59392K, used 54254K [0x00000000e8000000, 0x00000000eba00000, 0x00000000f8000000)
  object space 59392K, 91% used [0x00000000e8000000,0x00000000eb4fba30,0x00000000eba00000)
 PSPermGen       total 110592K, used 74531K [0x00000000d8000000, 0x00000000dec00000, 0x00000000e8000000)
  object space 110592K, 67% used [0x00000000d8000000,0x00000000dc8c8f48,0x00000000dec00000)
Event: 1004.053 GC heap after
Heap after GC invocations=73 (full 11):
 PSYoungGen      total 125440K, used 64K [0x00000000f8000000, 0x00000000ffe80000, 0x0000000100000000)
  eden space 121344K, 0% used [0x00000000f8000000,0x00000000f8000000,0x00000000ff680000)
  from space 4096K, 1% used [0x00000000ffa80000,0x00000000ffa90000,0x00000000ffe80000)
  to   space 4096K, 0% used [0x00000000ff680000,0x00000000ff680000,0x00000000ffa80000)
 ParOldGen       total 59392K, used 54254K [0x00000000e8000000, 0x00000000eba00000, 0x00000000f8000000)
  object space 59392K, 91% used [0x00000000e8000000,0x00000000eb4fba30,0x00000000eba00000)
 PSPermGen       total 110592K, used 74531K [0x00000000d8000000, 0x00000000dec00000, 0x00000000e8000000)
  object space 110592K, 67% used [0x00000000d8000000,0x00000000dc8c8f48,0x00000000dec00000)
}
Event: 1004.196 GC heap before
{Heap before GC invocations=74 (full 11):
 PSYoungGen      total 125440K, used 121408K [0x00000000f8000000, 0x00000000ffe80000, 0x0000000100000000)
  eden space 121344K, 100% used [0x00000000f8000000,0x00000000ff680000,0x00000000ff680000)
  from space 4096K, 1% used [0x00000000ffa80000,0x00000000ffa90000,0x00000000ffe80000)
  to   space 4096K, 0% used [0x00000000ff680000,0x00000000ff680000,0x00000000ffa80000)
 ParOldGen       total 59392K, used 54254K [0x00000000e8000000, 0x00000000eba00000, 0x00000000f8000000)
  object space 59392K, 91% used [0x00000000e8000000,0x00000000eb4fbab8,0x00000000eba00000)
 PSPermGen       total 110592K, used 74532K [0x00000000d8000000, 0x00000000dec00000, 0x00000000e8000000)
  object space 110592K, 67% used [0x00000000d8000000,0x00000000dc8c9090,0x00000000dec00000)
Event: 1004.201 GC heap after
Heap after GC invocations=74 (full 11):
 PSYoungGen      total 125440K, used 64K [0x00000000f8000000, 0x0000000100000000, 0x0000000100000000)
  eden space 121344K, 0% used [0x00000000f8000000,0x00000000f8000000,0x00000000ff680000)
  from space 4096K, 1% used [0x00000000ff680000,0x00000000ff690000,0x00000000ffa80000)
  to   space 4096K, 0% used [0x00000000ffc00000,0x00000000ffc00000,0x0000000100000000)
 ParOldGen       total 59392K, used 54254K [0x00000000e8000000, 0x00000000eba00000, 0x00000000f8000000)
  object space 59392K, 91% used [0x00000000e8000000,0x00000000eb4fbab8,0x00000000eba00000)
 PSPermGen       total 110592K, used 74532K [0x00000000d8000000, 0x00000000dec00000, 0x00000000e8000000)
  object space 110592K, 67% used [0x00000000d8000000,0x00000000dc8c9090,0x00000000dec00000)
}
Event: 1004.331 GC heap before
{Heap before GC invocations=75 (full 11):
 PSYoungGen      total 125440K, used 121408K [0x00000000f8000000, 0x0000000100000000, 0x0000000100000000)
  eden space 121344K, 100% used [0x00000000f8000000,0x00000000ff680000,0x00000000ff680000)
  from space 4096K, 1% used [0x00000000ff680000,0x00000000ff690000,0x00000000ffa80000)
  to   space 4096K, 0% used [0x00000000ffc00000,0x00000000ffc00000,0x0000000100000000)
 ParOldGen       total 59392K, used 54281K [0x00000000e8000000, 0x00000000eba00000, 0x00000000f8000000)
  object space 59392K, 91% used [0x00000000e8000000,0x00000000eb502648,0x00000000eba00000)
 PSPermGen       total 110592K, used 74532K [0x00000000d8000000, 0x00000000dec00000, 0x00000000e8000000)
  object space 110592K, 67% used [0x00000000d8000000,0x00000000dc8c9090,0x00000000dec00000)
Event: 1004.336 GC heap after
Heap after GC invocations=75 (full 11):
 PSYoungGen      total 125952K, used 64K [0x00000000f8000000, 0x00000000fff00000, 0x0000000100000000)
  eden space 122880K, 0% used [0x00000000f8000000,0x00000000f8000000,0x00000000ff800000)
  from space 3072K, 2% used [0x00000000ffc00000,0x00000000ffc10000,0x00000000fff00000)
  to   space 3584K, 0% used [0x00000000ff800000,0x00000000ff800000,0x00000000ffb80000)
 ParOldGen       total 59392K, used 54281K [0x00000000e8000000, 0x00000000eba00000, 0x00000000f8000000)
  object space 59392K, 91% used [0x00000000e8000000,0x00000000eb502648,0x00000000eba00000)
 PSPermGen       total 110592K, used 74532K [0x00000000d8000000, 0x00000000dec00000, 0x00000000e8000000)
  object space 110592K, 67% used [0x00000000d8000000,0x00000000dc8c9090,0x00000000dec00000)
}
Event: 1004.472 GC heap before
{Heap before GC invocations=76 (full 11):
 PSYoungGen      total 125952K, used 122944K [0x00000000f8000000, 0x00000000fff00000, 0x0000000100000000)
  eden space 122880K, 100% used [0x00000000f8000000,0x00000000ff800000,0x00000000ff800000)
  from space 3072K, 2% used [0x00000000ffc00000,0x00000000ffc10000,0x00000000fff00000)
  to   space 3584K, 0% used [0x00000000ff800000,0x00000000ff800000,0x00000000ffb80000)
 ParOldGen       total 59392K, used 54281K [0x00000000e8000000, 0x00000000eba00000, 0x00000000f8000000)
  object space 59392K, 91% used [0x00000000e8000000,0x00000000eb502648,0x00000000eba00000)
 PSPermGen       total 110592K, used 74532K [0x00000000d8000000, 0x00000000dec00000, 0x00000000e8000000)
  object space 110592K, 67% used [0x00000000d8000000,0x00000000dc8c9090,0x00000000dec00000)
Event: 1004.476 GC heap after
Heap after GC invocations=76 (full 11):
 PSYoungGen      total 126464K, used 64K [0x00000000f8000000, 0x0000000100000000, 0x0000000100000000)
  eden space 122880K, 0% used [0x00000000f8000000,0x00000000f8000000,0x00000000ff800000)
  from space 3584K, 1% used [0x00000000ff800000,0x00000000ff810000,0x00000000ffb80000)
  to   space 3584K, 0% used [0x00000000ffc80000,0x00000000ffc80000,0x0000000100000000)
 ParOldGen       total 59392K, used 54289K [0x00000000e8000000, 0x00000000eba00000, 0x00000000f8000000)
  object space 59392K, 91% used [0x00000000e8000000,0x00000000eb504648,0x00000000eba00000)
 PSPermGen       total 110592K, used 74532K [0x00000000d8000000, 0x00000000dec00000, 0x00000000e8000000)
  object space 110592K, 67% used [0x00000000d8000000,0x00000000dc8c9090,0x00000000dec00000)
}

